  Der Befehl ""C:\EpicGames\UE_5.0EA\Engine\Build\BatchFiles\GetDotnetPath.bat"" ist entweder falsch geschrieben oder
  konnte nicht gefunden werden.
  Win64 using Manual SDK 10.0.17763.0
  Using 'git status' to determine working set for adaptive non-unity build (C:\Users\W4YN3R\Documents\Unreal Projects\ObserverPattern).
  Waiting for 'git status' command to complete
  Parsing headers for ObserverPatternEditor
    Running UnrealHeaderTool "C:\Users\W4YN3R\Documents\Unreal Projects\ObserverPattern\ObserverPattern.uproject" "C:\Users\W4YN3R\Documents\Unreal Projects\ObserverPattern\Intermediate\Build\Win64\ObserverPatternEditor\Development\ObserverPatternEditor.uhtmanifest" -LogCmds="loginit warning, logexit warning, logdatabase error" -Unattended -WarningsAsErrors -abslog="C:\Users\W4YN3R\AppData\Local\UnrealBuildTool\Log_UHT.txt" -installed
  Reflection code generated for ObserverPatternEditor in 3,1594662 seconds
  Building ObserverPatternEditor...
  Using Visual Studio 2019 14.28.29336 toolchain (C:\Program Files (x86)\Microsoft Visual Studio\2019\Community\VC\Tools\MSVC\14.28.29333) and Windows 10.0.17763.0 SDK (C:\Program Files (x86)\Windows Kits\10).
  [Adaptive Build] Excluded from ObserverPattern unity file: ObserverModeBase.cpp, ObserverPatternCharacter.cpp, ObserverPatternGameMode.cpp, SubjectCharacter.cpp
  Building 5 actions with 12 processes...
    [1/5] SubjectCharacter.gen.cpp
    [2/5] SubjectCharacter.cpp
    [3/5] UnrealEditor-ObserverPattern-0004.lib
       Bibliothek "C:\Users\W4YN3R\Documents\Unreal Projects\ObserverPattern\Intermediate\Build\Win64\UnrealEditor\Development\ObserverPattern\UnrealEditor-ObserverPattern-0004.lib" und Objekt "C:\Users\W4YN3R\Documents\Unreal Projects\ObserverPattern\Intermediate\Build\Win64\UnrealEditor\Development\ObserverPattern\UnrealEditor-ObserverPattern-0004.exp" werden erstellt.
    [4/5] UnrealEditor-ObserverPattern-0004.dll
       Bibliothek "C:\Users\W4YN3R\Documents\Unreal Projects\ObserverPattern\Intermediate\Build\Win64\UnrealEditor\Development\ObserverPattern\UnrealEditor-ObserverPattern-0004.suppressed.lib" und Objekt "C:\Users\W4YN3R\Documents\Unreal Projects\ObserverPattern\Intermediate\Build\Win64\UnrealEditor\Development\ObserverPattern\UnrealEditor-ObserverPattern-0004.suppressed.exp" werden erstellt.
    [5/5] ObserverPatternEditor.target
  Total time in Parallel executor: 1,93 seconds
  Total execution time: 15,89 seconds
